Added Component: Designator=BEEP1(BELL-5)
Added Component: Designator=C1(C 0603)
Add component (AddParameter): Name = "BOM名称"; Value = "无极性贴片电容"; VariantName = "[No Variations]"
Add component (AddParameter): Name = "学习资源"; Value = "www.ooocke.com"; VariantName = "[No Variations]"
Add component (AddParameter): Name = "版权归属"; Value = "源创客"; VariantName = "[No Variations]"
Added Component: Designator=C2(C 0603)
Add component (AddParameter): Name = "BOM名称"; Value = "无极性贴片电容"; VariantName = "[No Variations]"
Add component (AddParameter): Name = "学习资源"; Value = "www.ooocke.com"; VariantName = "[No Variations]"
Add component (AddParameter): Name = "版权归属"; Value = "源创客"; VariantName = "[No Variations]"
Added Component: Designator=C3(C 0603)
Add component (AddParameter): Name = "BOM名称"; Value = "无极性贴片电容"; VariantName = "[No Variations]"
Add component (AddParameter): Name = "学习资源"; Value = "www.ooocke.com"; VariantName = "[No Variations]"
Add component (AddParameter): Name = "版权归属"; Value = "源创客"; VariantName = "[No Variations]"
Added Component: Designator=C4(C 0603)
Add component (AddParameter): Name = "BOM名称"; Value = "无极性贴片电容"; VariantName = "[No Variations]"
Add component (AddParameter): Name = "学习资源"; Value = "www.ooocke.com"; VariantName = "[No Variations]"
Add component (AddParameter): Name = "版权归属"; Value = "源创客"; VariantName = "[No Variations]"
Added Component: Designator=C5(C 0603)
Add component (AddParameter): Name = "BOM名称"; Value = "无极性贴片电容"; VariantName = "[No Variations]"
Add component (AddParameter): Name = "学习资源"; Value = "www.ooocke.com"; VariantName = "[No Variations]"
Add component (AddParameter): Name = "版权归属"; Value = "源创客"; VariantName = "[No Variations]"
Added Component: Designator=C6(C 0603)
Add component (AddParameter): Name = "BOM名称"; Value = "无极性贴片电容"; VariantName = "[No Variations]"
Add component (AddParameter): Name = "学习资源"; Value = "www.ooocke.com"; VariantName = "[No Variations]"
Add component (AddParameter): Name = "版权归属"; Value = "源创客"; VariantName = "[No Variations]"
Added Component: Designator=C7(C 0603)
Add component (AddParameter): Name = "BOM名称"; Value = "无极性贴片电容"; VariantName = "[No Variations]"
Add component (AddParameter): Name = "学习资源"; Value = "www.ooocke.com"; VariantName = "[No Variations]"
Add component (AddParameter): Name = "版权归属"; Value = "源创客"; VariantName = "[No Variations]"
Added Component: Designator=C8(C 0603)
Add component (AddParameter): Name = "BOM名称"; Value = "无极性贴片电容"; VariantName = "[No Variations]"
Add component (AddParameter): Name = "学习资源"; Value = "www.ooocke.com"; VariantName = "[No Variations]"
Add component (AddParameter): Name = "版权归属"; Value = "源创客"; VariantName = "[No Variations]"
Added Component: Designator=C9(C 0603)
Add component (AddParameter): Name = "BOM名称"; Value = "无极性贴片电容"; VariantName = "[No Variations]"
Add component (AddParameter): Name = "学习资源"; Value = "www.ooocke.com"; VariantName = "[No Variations]"
Add component (AddParameter): Name = "版权归属"; Value = "源创客"; VariantName = "[No Variations]"
Added Component: Designator=C10(C 0603)
Add component (AddParameter): Name = "BOM名称"; Value = "无极性贴片电容"; VariantName = "[No Variations]"
Add component (AddParameter): Name = "学习资源"; Value = "www.ooocke.com"; VariantName = "[No Variations]"
Add component (AddParameter): Name = "版权归属"; Value = "源创客"; VariantName = "[No Variations]"
Added Component: Designator=C11(C 0603)
Add component (AddParameter): Name = "BOM名称"; Value = "无极性贴片电容"; VariantName = "[No Variations]"
Add component (AddParameter): Name = "学习资源"; Value = "www.ooocke.com"; VariantName = "[No Variations]"
Add component (AddParameter): Name = "版权归属"; Value = "源创客"; VariantName = "[No Variations]"
Added Component: Designator=C12(C 0603)
Add component (AddParameter): Name = "BOM名称"; Value = "无极性贴片电容"; VariantName = "[No Variations]"
Add component (AddParameter): Name = "学习资源"; Value = "www.ooocke.com"; VariantName = "[No Variations]"
Add component (AddParameter): Name = "版权归属"; Value = "源创客"; VariantName = "[No Variations]"
Added Component: Designator=C13(C 0603)
Add component (AddParameter): Name = "BOM名称"; Value = "无极性贴片电容"; VariantName = "[No Variations]"
Add component (AddParameter): Name = "学习资源"; Value = "www.ooocke.com"; VariantName = "[No Variations]"
Add component (AddParameter): Name = "版权归属"; Value = "源创客"; VariantName = "[No Variations]"
Added Component: Designator=C14(C 0603)
Add component (AddParameter): Name = "BOM名称"; Value = "无极性贴片电容"; VariantName = "[No Variations]"
Add component (AddParameter): Name = "学习资源"; Value = "www.ooocke.com"; VariantName = "[No Variations]"
Add component (AddParameter): Name = "版权归属"; Value = "源创客"; VariantName = "[No Variations]"
Added Component: Designator=C15(C 0603)
Add component (AddParameter): Name = "BOM名称"; Value = "无极性贴片电容"; VariantName = "[No Variations]"
Add component (AddParameter): Name = "学习资源"; Value = "www.ooocke.com"; VariantName = "[No Variations]"
Add component (AddParameter): Name = "版权归属"; Value = "源创客"; VariantName = "[No Variations]"
Added Component: Designator=C16(C 0603)
Add component (AddParameter): Name = "BOM名称"; Value = "无极性贴片电容"; VariantName = "[No Variations]"
Add component (AddParameter): Name = "学习资源"; Value = "www.ooocke.com"; VariantName = "[No Variations]"
Add component (AddParameter): Name = "版权归属"; Value = "源创客"; VariantName = "[No Variations]"
Added Component: Designator=C17(C 0603)
Add component (AddParameter): Name = "BOM名称"; Value = "无极性贴片电容"; VariantName = "[No Variations]"
Add component (AddParameter): Name = "学习资源"; Value = "www.ooocke.com"; VariantName = "[No Variations]"
Add component (AddParameter): Name = "版权归属"; Value = "源创客"; VariantName = "[No Variations]"
Added Component: Designator=C18(C 0603)
Add component (AddParameter): Name = "BOM名称"; Value = "无极性贴片电容"; VariantName = "[No Variations]"
Add component (AddParameter): Name = "学习资源"; Value = "www.ooocke.com"; VariantName = "[No Variations]"
Add component (AddParameter): Name = "版权归属"; Value = "源创客"; VariantName = "[No Variations]"
Added Component: Designator=C19(C 0603)
Add component (AddParameter): Name = "BOM名称"; Value = "无极性贴片电容"; VariantName = "[No Variations]"
Add component (AddParameter): Name = "学习资源"; Value = "www.ooocke.com"; VariantName = "[No Variations]"
Add component (AddParameter): Name = "版权归属"; Value = "源创客"; VariantName = "[No Variations]"
Added Component: Designator=C20(C 0603)
Add component (AddParameter): Name = "BOM名称"; Value = "无极性贴片电容"; VariantName = "[No Variations]"
Add component (AddParameter): Name = "学习资源"; Value = "www.ooocke.com"; VariantName = "[No Variations]"
Add component (AddParameter): Name = "版权归属"; Value = "源创客"; VariantName = "[No Variations]"
Added Component: Designator=C21(C 0603)
Add component (AddParameter): Name = "BOM名称"; Value = "无极性贴片电容"; VariantName = "[No Variations]"
Add component (AddParameter): Name = "学习资源"; Value = "www.ooocke.com"; VariantName = "[No Variations]"
Add component (AddParameter): Name = "版权归属"; Value = "源创客"; VariantName = "[No Variations]"
Added Component: Designator=C22(C 0603)
Add component (AddParameter): Name = "BOM名称"; Value = "无极性贴片电容"; VariantName = "[No Variations]"
Add component (AddParameter): Name = "学习资源"; Value = "www.ooocke.com"; VariantName = "[No Variations]"
Add component (AddParameter): Name = "版权归属"; Value = "源创客"; VariantName = "[No Variations]"
Added Component: Designator=C23(C 0603)
Add component (AddParameter): Name = "BOM名称"; Value = "无极性贴片电容"; VariantName = "[No Variations]"
Add component (AddParameter): Name = "学习资源"; Value = "www.ooocke.com"; VariantName = "[No Variations]"
Add component (AddParameter): Name = "版权归属"; Value = "源创客"; VariantName = "[No Variations]"
Added Component: Designator=C24(C 0603)
Add component (AddParameter): Name = "BOM名称"; Value = "无极性贴片电容"; VariantName = "[No Variations]"
Add component (AddParameter): Name = "学习资源"; Value = "www.ooocke.com"; VariantName = "[No Variations]"
Add component (AddParameter): Name = "版权归属"; Value = "源创客"; VariantName = "[No Variations]"
Added Component: Designator=C25(C 0603)
Add component (AddParameter): Name = "BOM名称"; Value = "无极性贴片电容"; VariantName = "[No Variations]"
Add component (AddParameter): Name = "学习资源"; Value = "www.ooocke.com"; VariantName = "[No Variations]"
Add component (AddParameter): Name = "版权归属"; Value = "源创客"; VariantName = "[No Variations]"
Added Component: Designator=HOL1(M3)
Added Component: Designator=HOL2(M3)
Added Component: Designator=HOL3(M3)
Added Component: Designator=HOL4(M3)
Added Component: Designator=IC1(SOT23-5L)
Add component (AddParameter): Name = "BOM名称"; Value = "稳压芯片"; VariantName = "[No Variations]"
Add component (AddParameter): Name = "学习资源"; Value = "www.ooocke.com"; VariantName = "[No Variations]"
Add component (AddParameter): Name = "版权归属"; Value = "源创客"; VariantName = "[No Variations]"
Added Component: Designator=IC2(SOT23-5L)
Add component (AddParameter): Name = "BOM名称"; Value = "稳压芯片"; VariantName = "[No Variations]"
Add component (AddParameter): Name = "学习资源"; Value = "www.ooocke.com"; VariantName = "[No Variations]"
Add component (AddParameter): Name = "版权归属"; Value = "源创客"; VariantName = "[No Variations]"
Added Component: Designator=IC3(SOT23-5L)
Add component (AddParameter): Name = "BOM名称"; Value = "稳压芯片"; VariantName = "[No Variations]"
Add component (AddParameter): Name = "学习资源"; Value = "www.ooocke.com"; VariantName = "[No Variations]"
Add component (AddParameter): Name = "版权归属"; Value = "源创客"; VariantName = "[No Variations]"
Added Component: Designator=J1(Micro SD)
Add component (AddParameter): Name = "BOM名称"; Value = "Micro SD卡"; VariantName = "[No Variations]"
Add component (AddParameter): Name = "学习资源"; Value = "www.ooocke.com"; VariantName = "[No Variations]"
Add component (AddParameter): Name = "版权归属"; Value = "源创客"; VariantName = "[No Variations]"
Added Component: Designator=JP1(2.54_2X5PIN)
Add component (AddParameter): Name = "BOM名称"; Value = "5*2P接插件"; VariantName = "[No Variations]"
Add component (AddParameter): Name = "学习资源"; Value = "www.ooocke.com"; VariantName = "[No Variations]"
Add component (AddParameter): Name = "版权归属"; Value = "源创客"; VariantName = "[No Variations]"
Added Component: Designator=JP2(2.54_3X5RIN)
Add component (AddParameter): Name = "BOM名称"; Value = "5*2P接插件"; VariantName = "[No Variations]"
Add component (AddParameter): Name = "学习资源"; Value = "www.ooocke.com"; VariantName = "[No Variations]"
Add component (AddParameter): Name = "版权归属"; Value = "源创客"; VariantName = "[No Variations]"
Added Component: Designator=JP3(JUMPER 3P)
Added Component: Designator=JP4(HC1.25-6PIN)
Add component (AddParameter): Name = "BOM名称"; Value = "6P接插件"; VariantName = "[No Variations]"
Add component (AddParameter): Name = "学习资源"; Value = "www.ooocke.com"; VariantName = "[No Variations]"
Add component (AddParameter): Name = "版权归属"; Value = "源创客"; VariantName = "[No Variations]"
Added Component: Designator=JP5(HC1.25-6PIN)
Add component (AddParameter): Name = "BOM名称"; Value = "6P接插件"; VariantName = "[No Variations]"
Add component (AddParameter): Name = "学习资源"; Value = "www.ooocke.com"; VariantName = "[No Variations]"
Add component (AddParameter): Name = "版权归属"; Value = "源创客"; VariantName = "[No Variations]"
Added Component: Designator=JP6(HC1.25-4PIN)
Add component (AddParameter): Name = "BOM名称"; Value = "4P接插件"; VariantName = "[No Variations]"
Add component (AddParameter): Name = "学习资源"; Value = "www.ooocke.com"; VariantName = "[No Variations]"
Add component (AddParameter): Name = "版权归属"; Value = "源创客"; VariantName = "[No Variations]"
Added Component: Designator=JP7(HC1.25-4PIN)
Add component (AddParameter): Name = "BOM名称"; Value = "4P接插件"; VariantName = "[No Variations]"
Add component (AddParameter): Name = "学习资源"; Value = "www.ooocke.com"; VariantName = "[No Variations]"
Add component (AddParameter): Name = "版权归属"; Value = "源创客"; VariantName = "[No Variations]"
Added Component: Designator=JP8(HC1.25-6PIN)
Add component (AddParameter): Name = "BOM名称"; Value = "6P接插件"; VariantName = "[No Variations]"
Add component (AddParameter): Name = "学习资源"; Value = "www.ooocke.com"; VariantName = "[No Variations]"
Add component (AddParameter): Name = "版权归属"; Value = "源创客"; VariantName = "[No Variations]"
Added Component: Designator=JP9(HC1.25-4PIN)
Add component (AddParameter): Name = "BOM名称"; Value = "4P接插件"; VariantName = "[No Variations]"
Add component (AddParameter): Name = "学习资源"; Value = "www.ooocke.com"; VariantName = "[No Variations]"
Add component (AddParameter): Name = "版权归属"; Value = "源创客"; VariantName = "[No Variations]"
Added Component: Designator=JP10(PH2.0-8PIN)
Add component (AddParameter): Name = "BOM名称"; Value = "6P接插件"; VariantName = "[No Variations]"
Add component (AddParameter): Name = "学习资源"; Value = "www.ooocke.com"; VariantName = "[No Variations]"
Add component (AddParameter): Name = "版权归属"; Value = "源创客"; VariantName = "[No Variations]"
Added Component: Designator=JP11(PH2.0-8PIN)
Add component (AddParameter): Name = "BOM名称"; Value = "6P接插件"; VariantName = "[No Variations]"
Add component (AddParameter): Name = "学习资源"; Value = "www.ooocke.com"; VariantName = "[No Variations]"
Add component (AddParameter): Name = "版权归属"; Value = "源创客"; VariantName = "[No Variations]"
Added Component: Designator=KEY1(TSW 2*4*3.5-S-W)
Add component (AddParameter): Name = "BOM名称"; Value = "3x6轻触开关"; VariantName = "[No Variations]"
Add component (AddParameter): Name = "学习资源"; Value = "www.ooocke.com"; VariantName = "[No Variations]"
Add component (AddParameter): Name = "版权归属"; Value = "源创客"; VariantName = "[No Variations]"
Added Component: Designator=LED1(LED 0603R)
Add component (AddParameter): Name = "BOM名称"; Value = "贴片LED"; VariantName = "[No Variations]"
Add component (AddParameter): Name = "学习资源"; Value = "www.ooocke.com"; VariantName = "[No Variations]"
Add component (AddParameter): Name = "版权归属"; Value = "源创客"; VariantName = "[No Variations]"
Added Component: Designator=LED2(LED 0603R)
Add component (AddParameter): Name = "BOM名称"; Value = "贴片LED"; VariantName = "[No Variations]"
Add component (AddParameter): Name = "学习资源"; Value = "www.ooocke.com"; VariantName = "[No Variations]"
Add component (AddParameter): Name = "版权归属"; Value = "源创客"; VariantName = "[No Variations]"
Added Component: Designator=LED3(LED 0603R)
Add component (AddParameter): Name = "BOM名称"; Value = "贴片LED"; VariantName = "[No Variations]"
Add component (AddParameter): Name = "学习资源"; Value = "www.ooocke.com"; VariantName = "[No Variations]"
Add component (AddParameter): Name = "版权归属"; Value = "源创客"; VariantName = "[No Variations]"
Added Component: Designator=LED4(LED 0603R)
Add component (AddParameter): Name = "BOM名称"; Value = "贴片LED"; VariantName = "[No Variations]"
Add component (AddParameter): Name = "学习资源"; Value = "www.ooocke.com"; VariantName = "[No Variations]"
Add component (AddParameter): Name = "版权归属"; Value = "源创客"; VariantName = "[No Variations]"
Added Component: Designator=LED5(LED 0603R)
Add component (AddParameter): Name = "BOM名称"; Value = "贴片LED"; VariantName = "[No Variations]"
Add component (AddParameter): Name = "学习资源"; Value = "www.ooocke.com"; VariantName = "[No Variations]"
Add component (AddParameter): Name = "版权归属"; Value = "源创客"; VariantName = "[No Variations]"
Added Component: Designator=LED6(LED 0603R)
Add component (AddParameter): Name = "BOM名称"; Value = "贴片LED"; VariantName = "[No Variations]"
Add component (AddParameter): Name = "学习资源"; Value = "www.ooocke.com"; VariantName = "[No Variations]"
Add component (AddParameter): Name = "版权归属"; Value = "源创客"; VariantName = "[No Variations]"
Added Component: Designator=Q1(SOT23-3L)
Add component (AddParameter): Name = "BOM名称"; Value = "高频放大-NPN型"; VariantName = "[No Variations]"
Add component (AddParameter): Name = "学习资源"; Value = "www.ooocke.com"; VariantName = "[No Variations]"
Add component (AddParameter): Name = "属性"; Value = "40V 1.5A 1W 100MHZ"; VariantName = "[No Variations]"
Add component (AddParameter): Name = "版权归属"; Value = "源创客"; VariantName = "[No Variations]"
Added Component: Designator=Q2(SOT23-3L)
Add component (AddParameter): Name = "BOM名称"; Value = "高频放大-NPN型"; VariantName = "[No Variations]"
Add component (AddParameter): Name = "学习资源"; Value = "www.ooocke.com"; VariantName = "[No Variations]"
Add component (AddParameter): Name = "属性"; Value = "40V 1.5A 1W 100MHZ"; VariantName = "[No Variations]"
Add component (AddParameter): Name = "版权归属"; Value = "源创客"; VariantName = "[No Variations]"
Added Component: Designator=R1(R 0603)
Add component (AddParameter): Name = "BOM名称"; Value = "贴片电阻"; VariantName = "[No Variations]"
Add component (AddParameter): Name = "学习资源"; Value = "www.ooocke.com"; VariantName = "[No Variations]"
Add component (AddParameter): Name = "版权归属"; Value = "源创客"; VariantName = "[No Variations]"
Added Component: Designator=R2(R 0603)
Add component (AddParameter): Name = "BOM名称"; Value = "贴片电阻"; VariantName = "[No Variations]"
Add component (AddParameter): Name = "学习资源"; Value = "www.ooocke.com"; VariantName = "[No Variations]"
Add component (AddParameter): Name = "版权归属"; Value = "源创客"; VariantName = "[No Variations]"
Added Component: Designator=R3(R 0603)
Add component (AddParameter): Name = "BOM名称"; Value = "贴片电阻"; VariantName = "[No Variations]"
Add component (AddParameter): Name = "学习资源"; Value = "www.ooocke.com"; VariantName = "[No Variations]"
Add component (AddParameter): Name = "版权归属"; Value = "源创客"; VariantName = "[No Variations]"
Added Component: Designator=R4(R 0603)
Add component (AddParameter): Name = "BOM名称"; Value = "贴片电阻"; VariantName = "[No Variations]"
Add component (AddParameter): Name = "学习资源"; Value = "www.ooocke.com"; VariantName = "[No Variations]"
Add component (AddParameter): Name = "版权归属"; Value = "源创客"; VariantName = "[No Variations]"
Added Component: Designator=R5(R 0603)
Add component (AddParameter): Name = "BOM名称"; Value = "贴片电阻"; VariantName = "[No Variations]"
Add component (AddParameter): Name = "学习资源"; Value = "www.ooocke.com"; VariantName = "[No Variations]"
Add component (AddParameter): Name = "版权归属"; Value = "源创客"; VariantName = "[No Variations]"
Added Component: Designator=R6(R 0603)
Add component (AddParameter): Name = "BOM名称"; Value = "贴片电阻"; VariantName = "[No Variations]"
Add component (AddParameter): Name = "学习资源"; Value = "www.ooocke.com"; VariantName = "[No Variations]"
Add component (AddParameter): Name = "版权归属"; Value = "源创客"; VariantName = "[No Variations]"
Added Component: Designator=R7(R 0603)
Add component (AddParameter): Name = "BOM名称"; Value = "贴片电阻"; VariantName = "[No Variations]"
Add component (AddParameter): Name = "学习资源"; Value = "www.ooocke.com"; VariantName = "[No Variations]"
Add component (AddParameter): Name = "版权归属"; Value = "源创客"; VariantName = "[No Variations]"
Added Component: Designator=R8(R 0603)
Add component (AddParameter): Name = "BOM名称"; Value = "贴片电阻"; VariantName = "[No Variations]"
Add component (AddParameter): Name = "学习资源"; Value = "www.ooocke.com"; VariantName = "[No Variations]"
Add component (AddParameter): Name = "版权归属"; Value = "源创客"; VariantName = "[No Variations]"
Added Component: Designator=R9(R 0603)
Add component (AddParameter): Name = "BOM名称"; Value = "贴片电阻"; VariantName = "[No Variations]"
Add component (AddParameter): Name = "学习资源"; Value = "www.ooocke.com"; VariantName = "[No Variations]"
Add component (AddParameter): Name = "版权归属"; Value = "源创客"; VariantName = "[No Variations]"
Added Component: Designator=R10(R 0603)
Add component (AddParameter): Name = "BOM名称"; Value = "贴片电阻"; VariantName = "[No Variations]"
Add component (AddParameter): Name = "学习资源"; Value = "www.ooocke.com"; VariantName = "[No Variations]"
Add component (AddParameter): Name = "版权归属"; Value = "源创客"; VariantName = "[No Variations]"
Added Component: Designator=R11(R 0603)
Add component (AddParameter): Name = "BOM名称"; Value = "贴片电阻"; VariantName = "[No Variations]"
Add component (AddParameter): Name = "学习资源"; Value = "www.ooocke.com"; VariantName = "[No Variations]"
Add component (AddParameter): Name = "版权归属"; Value = "源创客"; VariantName = "[No Variations]"
Added Component: Designator=R12(R 0603)
Add component (AddParameter): Name = "BOM名称"; Value = "贴片电阻"; VariantName = "[No Variations]"
Add component (AddParameter): Name = "学习资源"; Value = "www.ooocke.com"; VariantName = "[No Variations]"
Add component (AddParameter): Name = "版权归属"; Value = "源创客"; VariantName = "[No Variations]"
Added Component: Designator=R13(R 0603)
Add component (AddParameter): Name = "BOM名称"; Value = "贴片电阻"; VariantName = "[No Variations]"
Add component (AddParameter): Name = "学习资源"; Value = "www.ooocke.com"; VariantName = "[No Variations]"
Add component (AddParameter): Name = "版权归属"; Value = "源创客"; VariantName = "[No Variations]"
Added Component: Designator=R14(R 0603)
Add component (AddParameter): Name = "BOM名称"; Value = "贴片电阻"; VariantName = "[No Variations]"
Add component (AddParameter): Name = "学习资源"; Value = "www.ooocke.com"; VariantName = "[No Variations]"
Add component (AddParameter): Name = "版权归属"; Value = "源创客"; VariantName = "[No Variations]"
Added Component: Designator=R15(R 0603)
Add component (AddParameter): Name = "BOM名称"; Value = "贴片电阻"; VariantName = "[No Variations]"
Add component (AddParameter): Name = "学习资源"; Value = "www.ooocke.com"; VariantName = "[No Variations]"
Add component (AddParameter): Name = "版权归属"; Value = "源创客"; VariantName = "[No Variations]"
Added Component: Designator=R16(R 0603)
Add component (AddParameter): Name = "BOM名称"; Value = "贴片电阻"; VariantName = "[No Variations]"
Add component (AddParameter): Name = "学习资源"; Value = "www.ooocke.com"; VariantName = "[No Variations]"
Add component (AddParameter): Name = "版权归属"; Value = "源创客"; VariantName = "[No Variations]"
Added Component: Designator=R17(R 0603)
Add component (AddParameter): Name = "BOM名称"; Value = "贴片电阻"; VariantName = "[No Variations]"
Add component (AddParameter): Name = "学习资源"; Value = "www.ooocke.com"; VariantName = "[No Variations]"
Add component (AddParameter): Name = "版权归属"; Value = "源创客"; VariantName = "[No Variations]"
Added Component: Designator=R18(R 0603)
Add component (AddParameter): Name = "BOM名称"; Value = "贴片电阻"; VariantName = "[No Variations]"
Add component (AddParameter): Name = "学习资源"; Value = "www.ooocke.com"; VariantName = "[No Variations]"
Add component (AddParameter): Name = "版权归属"; Value = "源创客"; VariantName = "[No Variations]"
Added Component: Designator=R19(R 0603)
Add component (AddParameter): Name = "BOM名称"; Value = "贴片电阻"; VariantName = "[No Variations]"
Add component (AddParameter): Name = "学习资源"; Value = "www.ooocke.com"; VariantName = "[No Variations]"
Add component (AddParameter): Name = "版权归属"; Value = "源创客"; VariantName = "[No Variations]"
Added Component: Designator=R20(R 0603)
Add component (AddParameter): Name = "BOM名称"; Value = "贴片电阻"; VariantName = "[No Variations]"
Add component (AddParameter): Name = "学习资源"; Value = "www.ooocke.com"; VariantName = "[No Variations]"
Add component (AddParameter): Name = "版权归属"; Value = "源创客"; VariantName = "[No Variations]"
Added Component: Designator=R21(R 0603)
Add component (AddParameter): Name = "BOM名称"; Value = "贴片电阻"; VariantName = "[No Variations]"
Add component (AddParameter): Name = "学习资源"; Value = "www.ooocke.com"; VariantName = "[No Variations]"
Add component (AddParameter): Name = "版权归属"; Value = "源创客"; VariantName = "[No Variations]"
Added Component: Designator=R22(R 0603)
Add component (AddParameter): Name = "BOM名称"; Value = "贴片电阻"; VariantName = "[No Variations]"
Add component (AddParameter): Name = "学习资源"; Value = "www.ooocke.com"; VariantName = "[No Variations]"
Add component (AddParameter): Name = "版权归属"; Value = "源创客"; VariantName = "[No Variations]"
Added Component: Designator=R23(R 0603)
Add component (AddParameter): Name = "BOM名称"; Value = "贴片电阻"; VariantName = "[No Variations]"
Add component (AddParameter): Name = "学习资源"; Value = "www.ooocke.com"; VariantName = "[No Variations]"
Add component (AddParameter): Name = "版权归属"; Value = "源创客"; VariantName = "[No Variations]"
Added Component: Designator=R24(R 0603)
Add component (AddParameter): Name = "BOM名称"; Value = "贴片电阻"; VariantName = "[No Variations]"
Add component (AddParameter): Name = "学习资源"; Value = "www.ooocke.com"; VariantName = "[No Variations]"
Add component (AddParameter): Name = "版权归属"; Value = "源创客"; VariantName = "[No Variations]"
Added Component: Designator=R25(R 0603)
Add component (AddParameter): Name = "BOM名称"; Value = "贴片电阻"; VariantName = "[No Variations]"
Add component (AddParameter): Name = "学习资源"; Value = "www.ooocke.com"; VariantName = "[No Variations]"
Add component (AddParameter): Name = "版权归属"; Value = "源创客"; VariantName = "[No Variations]"
Added Component: Designator=R26(R 0603)
Add component (AddParameter): Name = "BOM名称"; Value = "贴片电阻"; VariantName = "[No Variations]"
Add component (AddParameter): Name = "学习资源"; Value = "www.ooocke.com"; VariantName = "[No Variations]"
Add component (AddParameter): Name = "版权归属"; Value = "源创客"; VariantName = "[No Variations]"
Added Component: Designator=R27(R 0603)
Add component (AddParameter): Name = "BOM名称"; Value = "贴片电阻"; VariantName = "[No Variations]"
Add component (AddParameter): Name = "学习资源"; Value = "www.ooocke.com"; VariantName = "[No Variations]"
Add component (AddParameter): Name = "版权归属"; Value = "源创客"; VariantName = "[No Variations]"
Added Component: Designator=RN1(RES_P_8PIN)
Add component (AddParameter): Name = "BOM名称"; Value = "贴片电阻"; VariantName = "[No Variations]"
Add component (AddParameter): Name = "学习资源"; Value = "www.ooocke.com"; VariantName = "[No Variations]"
Add component (AddParameter): Name = "版权归属"; Value = "源创客"; VariantName = "[No Variations]"
Added Component: Designator=TP1(TEST PAD 1.8)
Add component (AddParameter): Name = "BOM名称"; Value = "测试点"; VariantName = "[No Variations]"
Add component (AddParameter): Name = "学习资源"; Value = "www.ooocke.com"; VariantName = "[No Variations]"
Add component (AddParameter): Name = "版权归属"; Value = "源创客"; VariantName = "[No Variations]"
Added Component: Designator=TP2(TEST PAD 1.8)
Add component (AddParameter): Name = "BOM名称"; Value = "测试点"; VariantName = "[No Variations]"
Add component (AddParameter): Name = "学习资源"; Value = "www.ooocke.com"; VariantName = "[No Variations]"
Add component (AddParameter): Name = "版权归属"; Value = "源创客"; VariantName = "[No Variations]"
Added Component: Designator=TP3(TEST PAD 1.8)
Add component (AddParameter): Name = "BOM名称"; Value = "测试点"; VariantName = "[No Variations]"
Add component (AddParameter): Name = "学习资源"; Value = "www.ooocke.com"; VariantName = "[No Variations]"
Add component (AddParameter): Name = "版权归属"; Value = "源创客"; VariantName = "[No Variations]"
Added Component: Designator=TP4(TEST PAD 1.8)
Add component (AddParameter): Name = "BOM名称"; Value = "测试点"; VariantName = "[No Variations]"
Add component (AddParameter): Name = "学习资源"; Value = "www.ooocke.com"; VariantName = "[No Variations]"
Add component (AddParameter): Name = "版权归属"; Value = "源创客"; VariantName = "[No Variations]"
Added Component: Designator=TP5(TEST PAD 1.8)
Add component (AddParameter): Name = "BOM名称"; Value = "测试点"; VariantName = "[No Variations]"
Add component (AddParameter): Name = "学习资源"; Value = "www.ooocke.com"; VariantName = "[No Variations]"
Add component (AddParameter): Name = "版权归属"; Value = "源创客"; VariantName = "[No Variations]"
Added Component: Designator=TP6(TEST PAD 1.8)
Add component (AddParameter): Name = "BOM名称"; Value = "测试点"; VariantName = "[No Variations]"
Add component (AddParameter): Name = "学习资源"; Value = "www.ooocke.com"; VariantName = "[No Variations]"
Add component (AddParameter): Name = "版权归属"; Value = "源创客"; VariantName = "[No Variations]"
Added Component: Designator=U1(LQFP64 10X10_L)
Added Component: Designator=U3(QFN24-0.4)
Added Component: Designator=USB1(USB-MICRO_E)
Add component (AddParameter): Name = "BOM名称"; Value = "微型USB母座"; VariantName = "[No Variations]"
Add component (AddParameter): Name = "学习资源"; Value = "www.ooocke.com"; VariantName = "[No Variations]"
Add component (AddParameter): Name = "版权归属"; Value = "源创客"; VariantName = "[No Variations]"
Added Component: Designator=VD1(SMA)
Add component (AddParameter): Name = "BOM名称"; Value = "肖特基二极管"; VariantName = "[No Variations]"
Add component (AddParameter): Name = "学习资源"; Value = "www.ooocke.com"; VariantName = "[No Variations]"
Add component (AddParameter): Name = "属性"; Value = "40V/1A"; VariantName = "[No Variations]"
Add component (AddParameter): Name = "版权归属"; Value = "源创客"; VariantName = "[No Variations]"
Added Component: Designator=VD2(SMA)
Add component (AddParameter): Name = "BOM名称"; Value = "肖特基二极管"; VariantName = "[No Variations]"
Add component (AddParameter): Name = "学习资源"; Value = "www.ooocke.com"; VariantName = "[No Variations]"
Add component (AddParameter): Name = "属性"; Value = "40V/1A"; VariantName = "[No Variations]"
Add component (AddParameter): Name = "版权归属"; Value = "源创客"; VariantName = "[No Variations]"
Added Component: Designator=VD3(SMA)
Add component (AddParameter): Name = "BOM名称"; Value = "肖特基二极管"; VariantName = "[No Variations]"
Add component (AddParameter): Name = "学习资源"; Value = "www.ooocke.com"; VariantName = "[No Variations]"
Add component (AddParameter): Name = "属性"; Value = "40V/1A"; VariantName = "[No Variations]"
Add component (AddParameter): Name = "版权归属"; Value = "源创客"; VariantName = "[No Variations]"
Added Component: Designator=X1(XTAL-3215-3P)
Add component (AddParameter): Name = "BOM名称"; Value = "2脚晶振"; VariantName = "[No Variations]"
Add component (AddParameter): Name = "学习资源"; Value = "www.ooocke.com"; VariantName = "[No Variations]"
Add component (AddParameter): Name = "版权归属"; Value = "源创客"; VariantName = "[No Variations]"
Added Pin To Net: NetName=3V0 Pin=BEEP1-1
Added Pin To Net: NetName=3V0 Pin=C16-2
Added Pin To Net: NetName=3V0 Pin=C17-2
Added Pin To Net: NetName=3V0 Pin=IC2-5
Added Pin To Net: NetName=3V0 Pin=JP11-2
Added Pin To Net: NetName=3V0 Pin=JP11-2
Added Pin To Net: NetName=3V0 Pin=R13-1
Added Pin To Net: NetName=3V0 Pin=R21-1
Added Pin To Net: NetName=3V0 Pin=R23-2
Added Pin To Net: NetName=3V0 Pin=R24-1
Added Pin To Net: NetName=3V0 Pin=R25-2
Added Pin To Net: NetName=3V0 Pin=R27-1
Added Net: Name=3V0
Added Pin To Net: NetName=3V3_MCU Pin=C2-1
Added Pin To Net: NetName=3V3_MCU Pin=C5-2
Added Pin To Net: NetName=3V3_MCU Pin=C6-2
Added Pin To Net: NetName=3V3_MCU Pin=C7-2
Added Pin To Net: NetName=3V3_MCU Pin=C8-2
Added Pin To Net: NetName=3V3_MCU Pin=C9-2
Added Pin To Net: NetName=3V3_MCU Pin=C12-2
Added Pin To Net: NetName=3V3_MCU Pin=C13-2
Added Pin To Net: NetName=3V3_MCU Pin=IC1-5
Added Pin To Net: NetName=3V3_MCU Pin=J1-4
Added Pin To Net: NetName=3V3_MCU Pin=JP5-1
Added Pin To Net: NetName=3V3_MCU Pin=JP6-1
Added Pin To Net: NetName=3V3_MCU Pin=JP7-1
Added Pin To Net: NetName=3V3_MCU Pin=R1-1
Added Pin To Net: NetName=3V3_MCU Pin=R2-1
Added Pin To Net: NetName=3V3_MCU Pin=R3-1
Added Pin To Net: NetName=3V3_MCU Pin=R4-2
Added Pin To Net: NetName=3V3_MCU Pin=R6-1
Added Pin To Net: NetName=3V3_MCU Pin=R14-2
Added Pin To Net: NetName=3V3_MCU Pin=U1-1
Added Pin To Net: NetName=3V3_MCU Pin=U1-13
Added Pin To Net: NetName=3V3_MCU Pin=U1-19
Added Pin To Net: NetName=3V3_MCU Pin=U1-32
Added Pin To Net: NetName=3V3_MCU Pin=U1-48
Added Pin To Net: NetName=3V3_MCU Pin=U1-64
Added Net: Name=3V3_MCU
Added Pin To Net: NetName=3V3_SEN Pin=C20-2
Added Pin To Net: NetName=3V3_SEN Pin=C21-2
Added Pin To Net: NetName=3V3_SEN Pin=C22-2
Added Pin To Net: NetName=3V3_SEN Pin=C23-2
Added Pin To Net: NetName=3V3_SEN Pin=C24-2
Added Pin To Net: NetName=3V3_SEN Pin=IC3-5
Added Pin To Net: NetName=3V3_SEN Pin=R8-1
Added Pin To Net: NetName=3V3_SEN Pin=U3-1
Added Pin To Net: NetName=3V3_SEN Pin=U3-8
Added Pin To Net: NetName=3V3_SEN Pin=U3-9
Added Pin To Net: NetName=3V3_SEN Pin=U3-13
Added Pin To Net: NetName=3V3_SEN Pin=U3-22
Added Net: Name=3V3_SEN
Added Pin To Net: NetName=4V5 Pin=C10-2
Added Pin To Net: NetName=4V5 Pin=C11-2
Added Pin To Net: NetName=4V5 Pin=C14-2
Added Pin To Net: NetName=4V5 Pin=C15-2
Added Pin To Net: NetName=4V5 Pin=C18-2
Added Pin To Net: NetName=4V5 Pin=C19-2
Added Pin To Net: NetName=4V5 Pin=IC1-1
Added Pin To Net: NetName=4V5 Pin=IC1-3
Added Pin To Net: NetName=4V5 Pin=IC2-1
Added Pin To Net: NetName=4V5 Pin=IC2-3
Added Pin To Net: NetName=4V5 Pin=IC3-1
Added Pin To Net: NetName=4V5 Pin=IC3-3
Added Pin To Net: NetName=4V5 Pin=JP1-1
Added Pin To Net: NetName=4V5 Pin=JP8-1
Added Pin To Net: NetName=4V5 Pin=JP9-1
Added Pin To Net: NetName=4V5 Pin=JP10-8
Added Pin To Net: NetName=4V5 Pin=JP10-8
Added Pin To Net: NetName=4V5 Pin=VD1-2
Added Pin To Net: NetName=4V5 Pin=VD2-2
Added Pin To Net: NetName=4V5 Pin=VD3-2
Added Net: Name=4V5
Added Pin To Net: NetName=5V0 Pin=JP2-2
Added Pin To Net: NetName=5V0 Pin=JP2-5
Added Pin To Net: NetName=5V0 Pin=JP2-8
Added Pin To Net: NetName=5V0 Pin=JP2-11
Added Pin To Net: NetName=5V0 Pin=JP2-14
Added Pin To Net: NetName=5V0 Pin=VD3-1
Added Net: Name=5V0
Added Pin To Net: NetName=BATT_CUR Pin=R10-1
Added Pin To Net: NetName=BATT_CUR Pin=U1-24
Added Net: Name=BATT_CUR
Added Pin To Net: NetName=BATT_VOL Pin=R12-1
Added Pin To Net: NetName=BATT_VOL Pin=U1-25
Added Net: Name=BATT_VOL
Added Pin To Net: NetName=BEEP Pin=R22-1
Added Pin To Net: NetName=BEEP Pin=U1-2
Added Net: Name=BEEP
Added Pin To Net: NetName=E_CS1 Pin=JP11-3
Added Pin To Net: NetName=E_CS1 Pin=JP11-3
Added Pin To Net: NetName=E_CS1 Pin=U1-33
Added Net: Name=E_CS1
Added Pin To Net: NetName=E_CS3 Pin=JP11-5
Added Pin To Net: NetName=E_CS3 Pin=JP11-5
Added Pin To Net: NetName=E_CS3 Pin=U1-41
Added Net: Name=E_CS3
Added Pin To Net: NetName=E_MISO Pin=JP11-7
Added Pin To Net: NetName=E_MISO Pin=JP11-7
Added Pin To Net: NetName=E_MISO Pin=U1-35
Added Net: Name=E_MISO
Added Pin To Net: NetName=E_MOSI Pin=JP11-6
Added Pin To Net: NetName=E_MOSI Pin=JP11-6
Added Pin To Net: NetName=E_MOSI Pin=U1-36
Added Net: Name=E_MOSI
Added Pin To Net: NetName=E_SCK Pin=JP11-8
Added Pin To Net: NetName=E_SCK Pin=JP11-8
Added Pin To Net: NetName=E_SCK Pin=U1-29
Added Pin To Net: NetName=E_SCK Pin=U1-34
Added Net: Name=E_SCK
Added Pin To Net: NetName=E_SCL Pin=JP10-4
Added Pin To Net: NetName=E_SCL Pin=JP10-4
Added Pin To Net: NetName=E_SCL Pin=R25-1
Added Net: Name=E_SCL
Added Pin To Net: NetName=E_SDA Pin=JP10-3
Added Pin To Net: NetName=E_SDA Pin=JP10-3
Added Pin To Net: NetName=E_SDA Pin=R23-1
Added Pin To Net: NetName=E_SDA Pin=U1-30
Added Net: Name=E_SDA
Added Pin To Net: NetName=GND Pin=C1-1
Added Pin To Net: NetName=GND Pin=C2-2
Added Pin To Net: NetName=GND Pin=C3-2
Added Pin To Net: NetName=GND Pin=C4-1
Added Pin To Net: NetName=GND Pin=C5-1
Added Pin To Net: NetName=GND Pin=C6-1
Added Pin To Net: NetName=GND Pin=C7-1
Added Pin To Net: NetName=GND Pin=C8-1
Added Pin To Net: NetName=GND Pin=C9-1
Added Pin To Net: NetName=GND Pin=C10-1
Added Pin To Net: NetName=GND Pin=C11-1
Added Pin To Net: NetName=GND Pin=C12-1
Added Pin To Net: NetName=GND Pin=C13-1
Added Pin To Net: NetName=GND Pin=C14-1
Added Pin To Net: NetName=GND Pin=C15-1
Added Pin To Net: NetName=GND Pin=C16-1
Added Pin To Net: NetName=GND Pin=C17-1
Added Pin To Net: NetName=GND Pin=C18-1
Added Pin To Net: NetName=GND Pin=C19-1
Added Pin To Net: NetName=GND Pin=C20-1
Added Pin To Net: NetName=GND Pin=C21-1
Added Pin To Net: NetName=GND Pin=C22-1
Added Pin To Net: NetName=GND Pin=C23-1
Added Pin To Net: NetName=GND Pin=C24-1
Added Pin To Net: NetName=GND Pin=C25-1
Added Pin To Net: NetName=GND Pin=IC1-2
Added Pin To Net: NetName=GND Pin=IC2-2
Added Pin To Net: NetName=GND Pin=IC3-2
Added Pin To Net: NetName=GND Pin=J1-6
Added Pin To Net: NetName=GND Pin=JP1-5
Added Pin To Net: NetName=GND Pin=JP2-3
Added Pin To Net: NetName=GND Pin=JP2-6
Added Pin To Net: NetName=GND Pin=JP2-9
Added Pin To Net: NetName=GND Pin=JP2-12
Added Pin To Net: NetName=GND Pin=JP2-15
Added Pin To Net: NetName=GND Pin=JP4-5
Added Pin To Net: NetName=GND Pin=JP4-6
Added Pin To Net: NetName=GND Pin=JP5-2
Added Pin To Net: NetName=GND Pin=JP6-2
Added Pin To Net: NetName=GND Pin=JP7-2
Added Pin To Net: NetName=GND Pin=JP8-6
Added Pin To Net: NetName=GND Pin=JP9-4
Added Pin To Net: NetName=GND Pin=JP10-1
Added Pin To Net: NetName=GND Pin=JP10-1
Added Pin To Net: NetName=GND Pin=JP11-1
Added Pin To Net: NetName=GND Pin=JP11-1
Added Pin To Net: NetName=GND Pin=KEY1-1
Added Pin To Net: NetName=GND Pin=LED1-2
Added Pin To Net: NetName=GND Pin=LED2-2
Added Pin To Net: NetName=GND Pin=LED3-2
Added Pin To Net: NetName=GND Pin=Q1-2
Added Pin To Net: NetName=GND Pin=Q2-2
Added Pin To Net: NetName=GND Pin=R5-1
Added Pin To Net: NetName=GND Pin=R7-1
Added Pin To Net: NetName=GND Pin=R15-1
Added Pin To Net: NetName=GND Pin=R16-1
Added Pin To Net: NetName=GND Pin=R26-1
Added Pin To Net: NetName=GND Pin=U1-12
Added Pin To Net: NetName=GND Pin=U1-18
Added Pin To Net: NetName=GND Pin=U1-63
Added Pin To Net: NetName=GND Pin=U3-11
Added Pin To Net: NetName=GND Pin=U3-18
Added Pin To Net: NetName=GND Pin=U3-20
Added Pin To Net: NetName=GND Pin=USB1-5
Added Net: Name=GND
Added Pin To Net: NetName=I2C1_SCL Pin=R18-1
Added Pin To Net: NetName=I2C1_SCL Pin=U1-58
Added Net: Name=I2C1_SCL
Added Pin To Net: NetName=I2C1_SDA Pin=R20-1
Added Pin To Net: NetName=I2C1_SDA Pin=U1-59
Added Net: Name=I2C1_SDA
Added Pin To Net: NetName=IMU_SCL Pin=R3-2
Added Pin To Net: NetName=IMU_SCL Pin=TP3-1
Added Pin To Net: NetName=IMU_SCL Pin=U1-61
Added Pin To Net: NetName=IMU_SCL Pin=U3-23
Added Net: Name=IMU_SCL
Added Pin To Net: NetName=IMU_SDA Pin=R2-2
Added Pin To Net: NetName=IMU_SDA Pin=TP4-1
Added Pin To Net: NetName=IMU_SDA Pin=U1-62
Added Pin To Net: NetName=IMU_SDA Pin=U3-24
Added Net: Name=IMU_SDA
Added Pin To Net: NetName=IO_PC12 Pin=JP7-3
Added Pin To Net: NetName=IO_PC12 Pin=U1-53
Added Net: Name=IO_PC12
Added Pin To Net: NetName=IO_PD2 Pin=JP7-4
Added Pin To Net: NetName=IO_PD2 Pin=U1-54
Added Net: Name=IO_PD2
Added Pin To Net: NetName=LED0 Pin=LED4-2
Added Pin To Net: NetName=LED0 Pin=U1-26
Added Net: Name=LED0
Added Pin To Net: NetName=LED1 Pin=LED5-2
Added Pin To Net: NetName=LED1 Pin=U1-27
Added Net: Name=LED1
Added Pin To Net: NetName=LED2 Pin=LED6-2
Added Pin To Net: NetName=LED2 Pin=U1-50
Added Net: Name=LED2
Added Pin To Net: NetName=MPU_INT Pin=TP1-1
Added Pin To Net: NetName=MPU_INT Pin=U1-11
Added Pin To Net: NetName=MPU_INT Pin=U3-12
Added Net: Name=MPU_INT
Added Pin To Net: NetName=NetBEEP1_2 Pin=BEEP1-2
Added Pin To Net: NetName=NetBEEP1_2 Pin=Q2-3
Added Net: Name=NetBEEP1_2
Added Pin To Net: NetName=NetC3_1 Pin=C3-1
Added Pin To Net: NetName=NetC3_1 Pin=U1-47
Added Net: Name=NetC3_1
Added Pin To Net: NetName=NetC4_2 Pin=C4-2
Added Pin To Net: NetName=NetC4_2 Pin=U1-31
Added Net: Name=NetC4_2
Added Pin To Net: NetName=NetC25_2 Pin=C25-2
Added Pin To Net: NetName=NetC25_2 Pin=U3-10
Added Net: Name=NetC25_2
Added Pin To Net: NetName=NetJP4_1 Pin=JP4-1
Added Pin To Net: NetName=NetJP4_1 Pin=JP4-2
Added Pin To Net: NetName=NetJP4_1 Pin=VD2-1
Added Net: Name=NetJP4_1
Added Pin To Net: NetName=NetJP4_3 Pin=JP4-3
Added Pin To Net: NetName=NetJP4_3 Pin=R10-2
Added Pin To Net: NetName=NetJP4_3 Pin=R15-2
Added Net: Name=NetJP4_3
Added Pin To Net: NetName=NetJP4_4 Pin=JP4-4
Added Pin To Net: NetName=NetJP4_4 Pin=R12-2
Added Pin To Net: NetName=NetJP4_4 Pin=R16-2
Added Net: Name=NetJP4_4
Added Pin To Net: NetName=NetJP8_2 Pin=JP8-2
Added Pin To Net: NetName=NetJP8_2 Pin=R17-2
Added Net: Name=NetJP8_2
Added Pin To Net: NetName=NetJP8_3 Pin=JP8-3
Added Pin To Net: NetName=NetJP8_3 Pin=R19-2
Added Net: Name=NetJP8_3
Added Pin To Net: NetName=NetJP9_2 Pin=JP9-2
Added Pin To Net: NetName=NetJP9_2 Pin=R18-2
Added Net: Name=NetJP9_2
Added Pin To Net: NetName=NetJP9_3 Pin=JP9-3
Added Pin To Net: NetName=NetJP9_3 Pin=R20-2
Added Net: Name=NetJP9_3
Added Pin To Net: NetName=NetLED1_1 Pin=LED1-1
Added Pin To Net: NetName=NetLED1_1 Pin=R6-2
Added Net: Name=NetLED1_1
Added Pin To Net: NetName=NetLED2_1 Pin=LED2-1
Added Pin To Net: NetName=NetLED2_1 Pin=R8-2
Added Net: Name=NetLED2_1
Added Pin To Net: NetName=NetLED3_1 Pin=LED3-1
Added Pin To Net: NetName=NetLED3_1 Pin=R13-2
Added Net: Name=NetLED3_1
Added Pin To Net: NetName=NetLED4_1 Pin=LED4-1
Added Pin To Net: NetName=NetLED4_1 Pin=R21-2
Added Net: Name=NetLED4_1
Added Pin To Net: NetName=NetLED5_1 Pin=LED5-1
Added Pin To Net: NetName=NetLED5_1 Pin=R24-2
Added Net: Name=NetLED5_1
Added Pin To Net: NetName=NetLED6_1 Pin=LED6-1
Added Pin To Net: NetName=NetLED6_1 Pin=R27-2
Added Net: Name=NetLED6_1
Added Pin To Net: NetName=NetQ2_1 Pin=Q2-1
Added Pin To Net: NetName=NetQ2_1 Pin=R22-2
Added Pin To Net: NetName=NetQ2_1 Pin=R26-2
Added Net: Name=NetQ2_1
Added Pin To Net: NetName=NetR5_2 Pin=R5-2
Added Pin To Net: NetName=NetR5_2 Pin=U1-60
Added Net: Name=NetR5_2
Added Pin To Net: NetName=NetR7_2 Pin=R7-2
Added Pin To Net: NetName=NetR7_2 Pin=U1-28
Added Net: Name=NetR7_2
Added Pin To Net: NetName=NetR9_1 Pin=R9-1
Added Pin To Net: NetName=NetR9_1 Pin=USB1-2
Added Net: Name=NetR9_1
Added Pin To Net: NetName=NetR11_1 Pin=R11-1
Added Pin To Net: NetName=NetR11_1 Pin=R14-1
Added Pin To Net: NetName=NetR11_1 Pin=USB1-3
Added Net: Name=NetR11_1
Added Pin To Net: NetName=NetUSB1_1 Pin=USB1-1
Added Pin To Net: NetName=NetUSB1_1 Pin=VD1-1
Added Net: Name=NetUSB1_1
Added Pin To Net: NetName=NRST Pin=C1-2
Added Pin To Net: NetName=NRST Pin=KEY1-2
Added Pin To Net: NetName=NRST Pin=R4-1
Added Pin To Net: NetName=NRST Pin=U1-7
Added Net: Name=NRST
Added Pin To Net: NetName=OSC_IN Pin=U1-5
Added Pin To Net: NetName=OSC_IN Pin=X1-1
Added Net: Name=OSC_IN
Added Pin To Net: NetName=OSC_OUT Pin=U1-6
Added Pin To Net: NetName=OSC_OUT Pin=X1-3
Added Net: Name=OSC_OUT
Added Pin To Net: NetName=OUT1 Pin=JP2-1
Added Pin To Net: NetName=OUT1 Pin=RN1-1
Added Net: Name=OUT1
Added Pin To Net: NetName=OUT2 Pin=JP2-4
Added Pin To Net: NetName=OUT2 Pin=RN1-3
Added Net: Name=OUT2
Added Pin To Net: NetName=OUT3 Pin=JP2-7
Added Pin To Net: NetName=OUT3 Pin=RN1-5
Added Net: Name=OUT3
Added Pin To Net: NetName=OUT4 Pin=JP2-10
Added Pin To Net: NetName=OUT4 Pin=RN1-7
Added Net: Name=OUT4
Added Pin To Net: NetName=PPM Pin=JP3-3
Added Pin To Net: NetName=PPM Pin=Q1-3
Added Pin To Net: NetName=PPM Pin=R1-2
Added Pin To Net: NetName=PPM Pin=U1-17
Added Net: Name=PPM
Added Pin To Net: NetName=RC_IN Pin=JP2-13
Added Pin To Net: NetName=RC_IN Pin=JP3-2
Added Net: Name=RC_IN
Added Pin To Net: NetName=S1 Pin=RN1-2
Added Pin To Net: NetName=S1 Pin=U1-37
Added Net: Name=S1
Added Pin To Net: NetName=S2 Pin=RN1-4
Added Pin To Net: NetName=S2 Pin=U1-38
Added Net: Name=S2
Added Pin To Net: NetName=S3 Pin=RN1-6
Added Pin To Net: NetName=S3 Pin=U1-39
Added Net: Name=S3
Added Pin To Net: NetName=S4 Pin=RN1-8
Added Pin To Net: NetName=S4 Pin=U1-40
Added Net: Name=S4
Added Pin To Net: NetName=SBUS Pin=JP3-1
Added Pin To Net: NetName=SBUS Pin=Q1-1
Added Net: Name=SBUS
Added Pin To Net: NetName=SD_CS Pin=J1-2
Added Pin To Net: NetName=SD_CS Pin=U1-9
Added Net: Name=SD_CS
Added Pin To Net: NetName=SD_DETECT Pin=J1-9
Added Pin To Net: NetName=SD_DETECT Pin=U1-8
Added Net: Name=SD_DETECT
Added Pin To Net: NetName=SPI1_CS Pin=JP5-3
Added Pin To Net: NetName=SPI1_CS Pin=U1-20
Added Net: Name=SPI1_CS
Added Pin To Net: NetName=SPI1_MISO Pin=JP5-4
Added Pin To Net: NetName=SPI1_MISO Pin=U1-22
Added Net: Name=SPI1_MISO
Added Pin To Net: NetName=SPI1_MOSI Pin=JP5-5
Added Pin To Net: NetName=SPI1_MOSI Pin=U1-23
Added Net: Name=SPI1_MOSI
Added Pin To Net: NetName=SPI1_SCK Pin=JP5-6
Added Pin To Net: NetName=SPI1_SCK Pin=U1-21
Added Net: Name=SPI1_SCK
Added Pin To Net: NetName=SPI3_MISO Pin=J1-7
Added Pin To Net: NetName=SPI3_MISO Pin=U1-56
Added Net: Name=SPI3_MISO
Added Pin To Net: NetName=SPI3_MOSI Pin=J1-3
Added Pin To Net: NetName=SPI3_MOSI Pin=U1-57
Added Net: Name=SPI3_MOSI
Added Pin To Net: NetName=SPI3_SCK Pin=J1-5
Added Pin To Net: NetName=SPI3_SCK Pin=U1-55
Added Net: Name=SPI3_SCK
Added Pin To Net: NetName=SPL_SCL Pin=TP5-1
Added Pin To Net: NetName=SPL_SCL Pin=U3-7
Added Net: Name=SPL_SCL
Added Pin To Net: NetName=SPL_SDA Pin=TP6-1
Added Pin To Net: NetName=SPL_SDA Pin=U3-21
Added Net: Name=SPL_SDA
Added Pin To Net: NetName=SWCLK Pin=JP1-7
Added Pin To Net: NetName=SWCLK Pin=U1-49
Added Net: Name=SWCLK
Added Pin To Net: NetName=SWDIO Pin=JP1-9
Added Pin To Net: NetName=SWDIO Pin=U1-46
Added Net: Name=SWDIO
Added Pin To Net: NetName=U1_RX Pin=JP1-2
Added Pin To Net: NetName=U1_RX Pin=U1-43
Added Net: Name=U1_RX
Added Pin To Net: NetName=U1_TX Pin=JP1-4
Added Pin To Net: NetName=U1_TX Pin=U1-42
Added Net: Name=U1_TX
Added Pin To Net: NetName=U2_TX Pin=TP2-1
Added Pin To Net: NetName=U2_TX Pin=U1-16
Added Net: Name=U2_TX
Added Pin To Net: NetName=U3_RX Pin=JP6-4
Added Pin To Net: NetName=U3_RX Pin=U1-52
Added Net: Name=U3_RX
Added Pin To Net: NetName=U3_TX Pin=JP6-3
Added Pin To Net: NetName=U3_TX Pin=U1-51
Added Net: Name=U3_TX
Added Pin To Net: NetName=U4_RX_GPS Pin=R19-1
Added Pin To Net: NetName=U4_RX_GPS Pin=U1-15
Added Net: Name=U4_RX_GPS
Added Pin To Net: NetName=U4_TX_GPS Pin=R17-1
Added Pin To Net: NetName=U4_TX_GPS Pin=U1-14
Added Net: Name=U4_TX_GPS
Added Pin To Net: NetName=USB_DM Pin=R9-2
Added Pin To Net: NetName=USB_DM Pin=U1-44
Added Net: Name=USB_DM
Added Pin To Net: NetName=USB_DP Pin=R11-2
Added Pin To Net: NetName=USB_DP Pin=U1-45
Added Net: Name=USB_DP
Added Member To Class: ClassName=原理图 Member=Component BEEP1 BEEP
Added Member To Class: ClassName=原理图 Member=Component C1 104
Added Member To Class: ClassName=原理图 Member=Component C2 104
Added Member To Class: ClassName=原理图 Member=Component C3 2.2uf
Added Member To Class: ClassName=原理图 Member=Component C4 2.2uf
Added Member To Class: ClassName=原理图 Member=Component C5 104
Added Member To Class: ClassName=原理图 Member=Component C6 104
Added Member To Class: ClassName=原理图 Member=Component C7 104
Added Member To Class: ClassName=原理图 Member=Component C8 104
Added Member To Class: ClassName=原理图 Member=Component C9 104
Added Member To Class: ClassName=原理图 Member=Component C10 10uf
Added Member To Class: ClassName=原理图 Member=Component C11 104
Added Member To Class: ClassName=原理图 Member=Component C12 10uf
Added Member To Class: ClassName=原理图 Member=Component C13 104
Added Member To Class: ClassName=原理图 Member=Component C14 10uf
Added Member To Class: ClassName=原理图 Member=Component C15 104
Added Member To Class: ClassName=原理图 Member=Component C16 10uf
Added Member To Class: ClassName=原理图 Member=Component C17 104
Added Member To Class: ClassName=原理图 Member=Component C18 10uf
Added Member To Class: ClassName=原理图 Member=Component C19 104
Added Member To Class: ClassName=原理图 Member=Component C20 10uf
Added Member To Class: ClassName=原理图 Member=Component C21 104
Added Member To Class: ClassName=原理图 Member=Component C22 104
Added Member To Class: ClassName=原理图 Member=Component C23 104
Added Member To Class: ClassName=原理图 Member=Component C24 103
Added Member To Class: ClassName=原理图 Member=Component C25 104
Added Member To Class: ClassName=原理图 Member=Component HOL1 M3
Added Member To Class: ClassName=原理图 Member=Component HOL2 M3
Added Member To Class: ClassName=原理图 Member=Component HOL3 M3
Added Member To Class: ClassName=原理图 Member=Component HOL4 M3
Added Member To Class: ClassName=原理图 Member=Component IC1 XC6204B332MR
Added Member To Class: ClassName=原理图 Member=Component IC2 XC6204B302MR
Added Member To Class: ClassName=原理图 Member=Component IC3 XC6204B332MR
Added Member To Class: ClassName=原理图 Member=Component J1 Micro SD
Added Member To Class: ClassName=原理图 Member=Component JP1 VTX
Added Member To Class: ClassName=原理图 Member=Component JP2 VTX
Added Member To Class: ClassName=原理图 Member=Component JP3 JUPER
Added Member To Class: ClassName=原理图 Member=Component JP4 POWER
Added Member To Class: ClassName=原理图 Member=Component JP5 POWER
Added Member To Class: ClassName=原理图 Member=Component JP6 COMPASS
Added Member To Class: ClassName=原理图 Member=Component JP7 COMPASS
Added Member To Class: ClassName=原理图 Member=Component JP8 GPS
Added Member To Class: ClassName=原理图 Member=Component JP9 COMPASS
Added Member To Class: ClassName=原理图 Member=Component JP10 FLOW1
Added Member To Class: ClassName=原理图 Member=Component JP11 FLOW2
Added Member To Class: ClassName=原理图 Member=Component KEY1 KEY
Added Member To Class: ClassName=原理图 Member=Component LED1 BLUE
Added Member To Class: ClassName=原理图 Member=Component LED2 BLUE
Added Member To Class: ClassName=原理图 Member=Component LED3 BLUE
Added Member To Class: ClassName=原理图 Member=Component LED4 BLUE
Added Member To Class: ClassName=原理图 Member=Component LED5 BLUE
Added Member To Class: ClassName=原理图 Member=Component LED6 BLUE
Added Member To Class: ClassName=原理图 Member=Component Q1 SS8050
Added Member To Class: ClassName=原理图 Member=Component Q2 SS8050
Added Member To Class: ClassName=原理图 Member=Component R1 1K
Added Member To Class: ClassName=原理图 Member=Component R2 4.7K
Added Member To Class: ClassName=原理图 Member=Component R3 4.7K
Added Member To Class: ClassName=原理图 Member=Component R4 10K
Added Member To Class: ClassName=原理图 Member=Component R5 10K
Added Member To Class: ClassName=原理图 Member=Component R6 1K
Added Member To Class: ClassName=原理图 Member=Component R7 10K
Added Member To Class: ClassName=原理图 Member=Component R8 1K
Added Member To Class: ClassName=原理图 Member=Component R9 22R
Added Member To Class: ClassName=原理图 Member=Component R10 10K
Added Member To Class: ClassName=原理图 Member=Component R11 22R
Added Member To Class: ClassName=原理图 Member=Component R12 10K
Added Member To Class: ClassName=原理图 Member=Component R13 1K
Added Member To Class: ClassName=原理图 Member=Component R14 1k
Added Member To Class: ClassName=原理图 Member=Component R15 1M
Added Member To Class: ClassName=原理图 Member=Component R16 1M
Added Member To Class: ClassName=原理图 Member=Component R17 120R
Added Member To Class: ClassName=原理图 Member=Component R18 120R
Added Member To Class: ClassName=原理图 Member=Component R19 120R
Added Member To Class: ClassName=原理图 Member=Component R20 120R
Added Member To Class: ClassName=原理图 Member=Component R21 1K
Added Member To Class: ClassName=原理图 Member=Component R22 1K
Added Member To Class: ClassName=原理图 Member=Component R23 4.7K
Added Member To Class: ClassName=原理图 Member=Component R24 1K
Added Member To Class: ClassName=原理图 Member=Component R25 4.7K
Added Member To Class: ClassName=原理图 Member=Component R26 10K
Added Member To Class: ClassName=原理图 Member=Component R27 1K
Added Member To Class: ClassName=原理图 Member=Component RN1 1K
Added Member To Class: ClassName=原理图 Member=Component TP1 TEST
Added Member To Class: ClassName=原理图 Member=Component TP2 TEST
Added Member To Class: ClassName=原理图 Member=Component TP3 TEST
Added Member To Class: ClassName=原理图 Member=Component TP4 TEST
Added Member To Class: ClassName=原理图 Member=Component TP5 TEST
Added Member To Class: ClassName=原理图 Member=Component TP6 TEST
Added Member To Class: ClassName=原理图 Member=Component U1 STM32F405RGT6
Added Member To Class: ClassName=原理图 Member=Component U3 MPU9250
Added Member To Class: ClassName=原理图 Member=Component USB1 USB-5P
Added Member To Class: ClassName=原理图 Member=Component VD1 MBR0520
Added Member To Class: ClassName=原理图 Member=Component VD2 MBR0520
Added Member To Class: ClassName=原理图 Member=Component VD3 MBR0520
Added Member To Class: ClassName=原理图 Member=Component X1 8MHz
